<?xml version="1.0" encoding="UTF-8"?>
<!-- Generated by org.testng.reporters.JUnitReportReporter -->
<testsuite hostname="ip-172-31-16-131" failures="0" tests="1" name="restAPI.GlobalVariable" time="0.007" errors="0" timestamp="17 Feb 2024 12:25:52 GMT" skipped="0">
  <testcase classname="restAPI.GlobalVariable" name="id" time="0.007"/>
</testsuite> <!-- restAPI.GlobalVariable -->
